<?xml version="1.0" encoding="UTF-8"?>
<testsuite xmlns:xsi="http://www.w3.org/2001/XMLSchema-instance" xsi:noNamespaceSchemaLocation="https://maven.apache.org/surefire/maven-surefire-plugin/xsd/surefire-test-report-3.0.xsd" version="3.0" name="com.gaurav.filesearchapiepassi.services.FileProcessingServiceTest" time="0.047" tests="1" errors="0" skipped="0" failures="0">
  <properties>
[...]
</properties>
  <testcase name="testFindTopKFrequentWords" classname="com.gaurav.filesearchapiepassi.services.FileProcessingServiceTest" time="0.047">
    <system-out><![CDATA[2023-09-12T14:28:08.569+03:00  INFO 26664 --- [           main] c.g.f.services.FileProcessingService     : WORDS IN LINE :[Hello, world, this, is, test, file]
2023-09-12T14:28:08.569+03:00  INFO 26664 --- [           main] c.g.f.services.FileProcessingService     : WORDS IN LINE :[Hello]
2023-09-12T14:28:08.569+03:00 DEBUG 26664 --- [           main] c.g.f.services.FileProcessingService     : File most frequent words:[WordFrequency(word=Hello, frequency=2), WordFrequency(word=world, frequency=1), WordFrequency(word=file, frequency=1), WordFrequency(word=test, frequency=1), WordFrequency(word=this, frequency=1)]
]]></system-out>
  </testcase>
</testsuite>